<?xml version="1.0" encoding="UTF-8"?>
<testsuites name="Login-Test" time="15.909" tests="1" failures="0" errors="0">
   <testsuite name="Login-Test" tests="1" failures="0" errors="0" time="15.909" skipped="0" timestamp="17-12-2024T22:41:17" hostname="mahtabsiddique - localhost" id="Test Suites/Login-Test">
      <properties>
         <property name="deviceName" value=""/>
         <property name="devicePlatform"/>
         <property name="logFolder" value="/Users/mahtabsiddique/git/Web-testing-1.0/Reports/20241217_224114/Login-Test/20241217_224115"/>
         <property name="logFiles" value="/Users/mahtabsiddique/git/Web-testing-1.0/Reports/20241217_224114/Login-Test/20241217_224115/execution0.log"/>
         <property name="attachments" value=""/>
         <property name="hostName" value="mahtabsiddique - localhost"/>
         <property name="os" value="Mac OS X 64bit"/>
         <property name="katalonVersion" value="10.0.0.223"/>
         <property name="browser" value="Chrome 131.0.0.0"/>
         <property name="hostAddress" value="127.0.0.1"/>
         <property name="sessionId" value="335f4b81431794bb1969ed10123647f9"/>
         <property name="seleniumVersion" value="4.22.0"/>
         <property name="proxyInformation" value="ProxyInformation { proxyOption=NO_PROXY, proxyServerType=HTTP, username=, password=********, proxyServerAddress=, proxyServerPort=0, executionList=&quot;&quot;, isApplyToDesiredCapabilities=true }"/>
         <property name="platform" value="Mac OS X"/>
      </properties>
      <testcase name="Test Cases/TS-Login-1.0" time="15.857" classname="Test Cases/TS-Login-1.0" status="PASSED">
         <system-out><![CDATA[17-12-2024T22:41:17 - [TEST_CASE][PASSED] - Test Cases/TS-Login-1.0: Test Cases/TS-Login-1.0

17-12-2024T22:41:17 - [TEST_STEP][PASSED] - openBrowser(""): Browser is opened with url: ''

17-12-2024T22:41:17 - [MESSAGE][INFO] - Starting 'Chrome' driver

17-12-2024T22:41:17 - [MESSAGE][INFO] - Action delay is set to 0 milliseconds

17-12-2024T22:41:18 - [MESSAGE][PASSED] - Browser is opened with url: ''

17-12-2024T22:41:18 - [TEST_STEP][PASSED] - navigateToUrl("https://katalon-demo-cura.herokuapp.com/"): Navigate to 'https://katalon-demo-cura.herokuapp.com/' successfully

17-12-2024T22:41:26 - [MESSAGE][PASSED] - Navigate to 'https://katalon-demo-cura.herokuapp.com/' successfully

17-12-2024T22:41:26 - [TEST_STEP][PASSED] - click(findTestObject("Object Repository/Login/Page_CURA Healthcare Service/a_Make Appointment")): Object: 'Object Repository/Login/Page_CURA Healthcare Service/a_Make Appointment' is clicked on

17-12-2024T22:41:27 - [MESSAGE][PASSED] - Object: 'Object Repository/Login/Page_CURA Healthcare Service/a_Make Appointment' is clicked on

17-12-2024T22:41:27 - [TEST_STEP][PASSED] - setText(findTestObject("Object Repository/Login/Page_CURA Healthcare Service/input_Username_username"), "John Doe"): Text 'John Doe' is set on object 'Object Repository/Login/Page_CURA Healthcare Service/input_Username_username'

17-12-2024T22:41:28 - [MESSAGE][PASSED] - Text 'John Doe' is set on object 'Object Repository/Login/Page_CURA Healthcare Service/input_Username_username'

17-12-2024T22:41:28 - [TEST_STEP][PASSED] - setEncryptedText(findTestObject("Object Repository/Login/Page_CURA Healthcare Service/input_Password_password"), "g3/DOGG74jC3Flrr3yH+3D/yKbOqqUNM"): Text ****** has been set on object 'Object Repository/Login/Page_CURA Healthcare Service/input_Password_password'

17-12-2024T22:41:28 - [MESSAGE][PASSED] - Text ****** has been set on object 'Object Repository/Login/Page_CURA Healthcare Service/input_Password_password'

17-12-2024T22:41:28 - [TEST_STEP][PASSED] - click(findTestObject("Object Repository/Login/Page_CURA Healthcare Service/button_Login")): Object: 'Object Repository/Login/Page_CURA Healthcare Service/button_Login' is clicked on

17-12-2024T22:41:30 - [MESSAGE][PASSED] - Object: 'Object Repository/Login/Page_CURA Healthcare Service/button_Login' is clicked on

17-12-2024T22:41:30 - [TEST_STEP][PASSED] - click(findTestObject("Object Repository/Login/Page_CURA Healthcare Service/i_CURA Healthcare_fa fa-bars")): Object: 'Object Repository/Login/Page_CURA Healthcare Service/i_CURA Healthcare_fa fa-bars' is clicked on

17-12-2024T22:41:30 - [MESSAGE][PASSED] - Object: 'Object Repository/Login/Page_CURA Healthcare Service/i_CURA Healthcare_fa fa-bars' is clicked on

17-12-2024T22:41:30 - [TEST_STEP][PASSED] - click(findTestObject("Object Repository/Login/Page_CURA Healthcare Service/a_Logout")): Object: 'Object Repository/Login/Page_CURA Healthcare Service/a_Logout' is clicked on

17-12-2024T22:41:32 - [MESSAGE][PASSED] - Object: 'Object Repository/Login/Page_CURA Healthcare Service/a_Logout' is clicked on

17-12-2024T22:41:32 - [TEST_STEP][PASSED] - closeBrowser(): Browser is closed

17-12-2024T22:41:32 - [MESSAGE][PASSED] - Browser is closed]]></system-out>
         <system-err><![CDATA[]]></system-err>
      </testcase>
      <system-out><![CDATA[17-12-2024T22:41:17 - [TEST_SUITE][PASSED] - Login-Test: Test Cases/TS-Login-1.0]]></system-out>
      <system-err><![CDATA[]]></system-err>
   </testsuite>
</testsuites>
